<?xml version="1.0" encoding="UTF-8"?>
<!-- Generated by org.testng.reporters.JUnitReportReporter -->
<testsuite hostname="gorgPC" name="soa.speech.recogniser.app.InputFileTest" tests="1" failures="0" timestamp="14 Oct 2014 15:33:36 GMT" time="10.012" errors="0">
  <testcase name="testInboundRoute" time="10.012" classname="soa.speech.recogniser.app.InputFileTest"/>
</testsuite> <!-- soa.speech.recogniser.app.InputFileTest -->
